Release 14.7 - ngc2edif P.20131013 (lin64)
Copyright (c) 1995-2013 Xilinx, Inc.  All rights reserved.
Reading design cpu.ngc ...
WARNING:NetListWriters:298 - No output is written to cpu.xncf, ignored.
Processing design ...
   Preping design's networks ...
   Preping design's macros ...
WARNING:NetListWriters:306 - Signal bus mewb_ins_op_mux0001<2 : 0> on block cpu
   is not reconstructed, because there are some missing bus signals.
  finished :Prep
Writing EDIF netlist file cpu.edif ...
ngc2edif: Total memory usage is 106252 kilobytes

Release 14.7 - ngc2edif P.20131013 (lin64)
Copyright (c) 1995-2013 Xilinx, Inc.  All rights reserved.
Reading design cpu.ngc ...
WARNING:NetListWriters:298 - No output is written to cpu.xncf, ignored.
Processing design ...
   Preping design's networks ...
   Preping design's macros ...
WARNING:NetListWriters:306 - Signal bus mewb_ins_op_mux0001<2 : 0> on block cpu
   is not reconstructed, because there are some missing bus signals.
  finished :Prep
Writing EDIF netlist file cpu.edif ...
ngc2edif: Total memory usage is 106256 kilobytes

Release 14.7 - ngc2edif P.20131013 (lin64)
Copyright (c) 1995-2013 Xilinx, Inc.  All rights reserved.
Reading design cpu.ngc ...
WARNING:NetListWriters:298 - No output is written to cpu.xncf, ignored.
Processing design ...
   Preping design's networks ...
   Preping design's macros ...
WARNING:NetListWriters:306 - Signal bus mewb_ins_op_mux0001<2 : 0> on block cpu
   is not reconstructed, because there are some missing bus signals.
  finished :Prep
Writing EDIF netlist file cpu.edif ...
ngc2edif: Total memory usage is 106256 kilobytes

Release 14.7 - ngc2edif P.20131013 (lin64)
Copyright (c) 1995-2013 Xilinx, Inc.  All rights reserved.
Reading design cpu.ngc ...
WARNING:NetListWriters:298 - No output is written to cpu.xncf, ignored.
Processing design ...
   Preping design's networks ...
   Preping design's macros ...
WARNING:NetListWriters:306 - Signal bus mewb_ins_op_mux0001<2 : 0> on block cpu
   is not reconstructed, because there are some missing bus signals.
  finished :Prep
Writing EDIF netlist file cpu.edif ...
ngc2edif: Total memory usage is 106252 kilobytes

